c:\users\jules\desktop\w\corvusengine\x64\debug\vc143.pdb
c:\users\jules\desktop\w\corvusengine\x64\debug\vc143.idb
c:\users\jules\desktop\w\corvusengine\x64\debug\main.obj
c:\users\jules\desktop\w\corvusengine\x64\debug\window.obj
c:\users\jules\desktop\w\corvusengine\x64\debug\device.obj
c:\users\jules\desktop\w\corvusengine\x64\debug\d3d12renderer.obj
c:\users\jules\desktop\w\corvusengine\x64\debug\corvuseditor.obj
c:\users\jules\desktop\w\corvusengine\x64\debug\uploader.obj
c:\users\jules\desktop\w\corvusengine\x64\debug\swapchain.obj
c:\users\jules\desktop\w\corvusengine\x64\debug\graphicspipeline.obj
c:\users\jules\desktop\w\corvusengine\x64\debug\descriptorheap.obj
c:\users\jules\desktop\w\corvusengine\x64\debug\commandqueue.obj
c:\users\jules\desktop\w\corvusengine\x64\debug\commandlist.obj
c:\users\jules\desktop\w\corvusengine\x64\debug\buffer.obj
c:\users\jules\desktop\w\corvusengine\x64\debug\allocator.obj
c:\users\jules\desktop\w\corvusengine\x64\debug\imgui_widgets.obj
c:\users\jules\desktop\w\corvusengine\x64\debug\imgui_tables.obj
c:\users\jules\desktop\w\corvusengine\x64\debug\imgui_impl_win32.obj
c:\users\jules\desktop\w\corvusengine\x64\debug\imgui_impl_dx12.obj
c:\users\jules\desktop\w\corvusengine\x64\debug\imgui_draw.obj
c:\users\jules\desktop\w\corvusengine\x64\debug\imgui_demo.obj
c:\users\jules\desktop\w\corvusengine\x64\debug\imgui.obj
c:\users\jules\desktop\w\corvusengine\x64\debug\d3d12memalloc.obj
c:\users\jules\desktop\w\corvusengine\x64\debug\shadercompiler.obj
c:\users\jules\desktop\w\corvusengine\x64\debug\texture.obj
c:\users\jules\desktop\w\corvusengine\x64\debug\corvusengine.exe
c:\users\jules\desktop\w\corvusengine\x64\debug\corvusengine.ilk
c:\users\jules\desktop\w\corvusengine\x64\debug\corvusengine.pdb
c:\users\jules\desktop\w\corvusengine\x64\debug\corvusengine.obj
c:\users\jules\desktop\w\corvusengine\x64\debug\logger.obj
c:\users\jules\desktop\w\corvusengine\x64\debug\corvusengine.tlog\cl.command.1.tlog
c:\users\jules\desktop\w\corvusengine\x64\debug\corvusengine.tlog\cl.items.tlog
c:\users\jules\desktop\w\corvusengine\x64\debug\corvusengine.tlog\cl.read.1.tlog
c:\users\jules\desktop\w\corvusengine\x64\debug\corvusengine.tlog\cl.write.1.tlog
c:\users\jules\desktop\w\corvusengine\x64\debug\corvusengine.tlog\link.command.1.tlog
c:\users\jules\desktop\w\corvusengine\x64\debug\corvusengine.tlog\link.read.1.tlog
c:\users\jules\desktop\w\corvusengine\x64\debug\corvusengine.tlog\link.write.1.tlog
